<?xml version="1.0" encoding="UTF-8"?>
<!-- Generated by org.testng.reporters.JUnitXMLReporter -->
<testsuite hostname="r-PC" ignored="2" name="Default test" tests="1" failures="0" timestamp="02 Jul 2019 10:31:01 GMT" time="27.945" errors="0">
  <testcase name="loginTest" time="8.014" classname="com.qa.FreeCrmPro.TestCases.LoginPageTest"/>
  <testcase name="logoImageTest" time="0.0" classname="com.qa.FreeCrmPro.TestCases.LoginPageTest">
    <ignored/>
  </testcase> <!-- logoImageTest -->
  <testcase name="loginPageTitleTest" time="0.0" classname="com.qa.FreeCrmPro.TestCases.LoginPageTest">
    <ignored/>
  </testcase> <!-- loginPageTitleTest -->
</testsuite> <!-- Default test -->
