<?xml version="1.0" encoding="UTF-8"?>
<testng-results skipped="0" failed="0" ignored="2" total="3" passed="1">
  <reporter-output>
  </reporter-output>
  <suite name="Default suite" duration-ms="27945" started-at="2019-07-02T10:30:34Z" finished-at="2019-07-02T10:31:01Z">
    <groups>
    </groups>
    <test name="Default test" duration-ms="27945" started-at="2019-07-02T10:30:34Z" finished-at="2019-07-02T10:31:01Z">
      <class name="com.qa.FreeCrmPro.TestCases.LoginPageTest">
        <test-method status="PASS" signature="beforeSuite()[pri:0, instance:com.qa.FreeCrmPro.TestCases.LoginPageTest@17cd7a0]" name="beforeSuite" is-config="true" duration-ms="858" started-at="2019-07-02T10:30:33Z" finished-at="2019-07-02T10:30:34Z">
          <reporter-output>
          </reporter-output>
        </test-method> <!-- beforeSuite -->
        <test-method status="PASS" signature="setUp()[pri:0, instance:com.qa.FreeCrmPro.TestCases.LoginPageTest@17cd7a0]" name="setUp" is-config="true" duration-ms="18033" started-at="2019-07-02T10:30:34Z" finished-at="2019-07-02T10:30:52Z">
          <reporter-output>
          </reporter-output>
        </test-method> <!-- setUp -->
        <test-method status="PASS" signature="loginTest()[pri:3, instance:com.qa.FreeCrmPro.TestCases.LoginPageTest@17cd7a0]" name="loginTest" duration-ms="8014" started-at="2019-07-02T10:30:52Z" finished-at="2019-07-02T10:31:00Z">
          <reporter-output>
          </reporter-output>
        </test-method> <!-- loginTest -->
        <test-method status="PASS" signature="tearDown(org.testng.ITestResult)[pri:0, instance:com.qa.FreeCrmPro.TestCases.LoginPageTest@17cd7a0]" name="tearDown" is-config="true" duration-ms="1861" started-at="2019-07-02T10:31:00Z" finished-at="2019-07-02T10:31:01Z">
          <params>
            <param index="0">
              <value>
                <![CDATA[[TestResult name=loginTest status=SUCCESS method=LoginPageTest.loginTest()[pri:3, instance:com.qa.FreeCrmPro.TestCases.LoginPageTest@17cd7a0] output={null}]]]>
              </value>
            </param>
          </params>
          <reporter-output>
          </reporter-output>
        </test-method> <!-- tearDown -->
      </class> <!-- com.qa.FreeCrmPro.TestCases.LoginPageTest -->
    </test> <!-- Default test -->
  </suite> <!-- Default suite -->
</testng-results>
